2018-01-17 18:27:22,567 [Dummy-1:140117846210304] [django.db.backends:89] [utils:execute] [DEBUG]- (0.000) SET SQL_AUTO_IS_NULL = 0; args=None
2018-01-17 18:27:22,792 [Dummy-1:140117846210304] [django.db.backends:89] [utils:execute] [DEBUG]- (0.001) SET SQL_AUTO_IS_NULL = 0; args=None
2018-01-17 18:27:22,877 [Dummy-1:140117846210304] [django.db.backends:89] [utils:execute] [DEBUG]- (0.085) SHOW FULL TABLES; args=None
2018-01-17 18:27:23,066 [Dummy-1:140117846210304] [django.db.backends:89] [utils:execute] [DEBUG]- (0.167) SELECT `django_migrations`.`app`, `django_migrations`.`name` FROM `django_migrations`; args=()
2018-01-17 18:27:36,738 [Thread-2:140117824206592] [django.db.backends:89] [utils:execute] [DEBUG]- (0.000) SET SQL_AUTO_IS_NULL = 0; args=None
2018-01-17 18:27:36,812 [Thread-2:140117824206592] [django.db.backends:89] [utils:execute] [DEBUG]- (0.073) SELECT COUNT(*) AS `__count` FROM `blog_article`; args=()
2018-01-17 18:27:36,944 [Thread-2:140117824206592] [django.db.backends:89] [utils:execute] [DEBUG]- (0.012) SELECT `blog_article`.`date_publish` FROM `blog_article` ORDER BY `blog_article`.`date_publish` DESC; args=()
2018-01-17 18:27:36,995 [Thread-2:140117824206592] [django.db.backends:89] [utils:execute] [DEBUG]- (0.050) 
			select article_id from blog_comment 
			group by article_id 
			order by count(article_id) 
			desc
		; args=None
2018-01-17 18:27:37,001 [Thread-2:140117824206592] [django.db.backends:89] [utils:execute] [DEBUG]- (0.004) SELECT `blog_article`.`id`, `blog_article`.`title`, `blog_article`.`desc`, `blog_article`.`content`, `blog_article`.`click_count`, `blog_article`.`is_recommend`, `blog_article`.`date_publish`, `blog_article`.`user_id`, `blog_article`.`category_id` FROM `blog_article` WHERE `blog_article`.`id` = 1; args=(1,)
2018-01-17 18:27:37,040 [Thread-2:140117824206592] [django.db.backends:89] [utils:execute] [DEBUG]- (0.018) SELECT `blog_category`.`id`, `blog_category`.`name`, `blog_category`.`index` FROM `blog_category` ORDER BY `blog_category`.`index` ASC, `blog_category`.`id` ASC; args=()
2018-01-17 18:27:37,073 [Thread-2:140117824206592] [django.db.backends:89] [utils:execute] [DEBUG]- (0.021) SELECT `blog_ad`.`id`, `blog_ad`.`title`, `blog_ad`.`description`, `blog_ad`.`image_url`, `blog_ad`.`callback_url`, `blog_ad`.`date_publish`, `blog_ad`.`index` FROM `blog_ad` ORDER BY `blog_ad`.`index` ASC, `blog_ad`.`id` ASC LIMIT 5; args=()
2018-01-17 18:27:37,074 [Thread-2:140117824206592] [django.db.backends:89] [utils:execute] [DEBUG]- (0.001) SELECT `blog_article`.`id`, `blog_article`.`title`, `blog_article`.`desc`, `blog_article`.`content`, `blog_article`.`click_count`, `blog_article`.`is_recommend`, `blog_article`.`date_publish`, `blog_article`.`user_id`, `blog_article`.`category_id` FROM `blog_article` ORDER BY `blog_article`.`date_publish` DESC LIMIT 1; args=()
2018-01-17 18:27:37,107 [Thread-2:140117824206592] [django.db.backends:89] [utils:execute] [DEBUG]- (0.031) SELECT `blog_tag`.`id`, `blog_tag`.`name` FROM `blog_tag` INNER JOIN `blog_article_tag` ON ( `blog_tag`.`id` = `blog_article_tag`.`tag_id` ) WHERE `blog_article_tag`.`article_id` = 1 ORDER BY `blog_tag`.`id` ASC; args=(1,)
2018-01-17 18:27:37,270 [Thread-2:140117824206592] [django.db.backends:89] [utils:execute] [DEBUG]- (0.001) SELECT COUNT(*) AS `__count` FROM `blog_comment` WHERE `blog_comment`.`article_id` = 1; args=(1,)
2018-01-17 18:27:37,287 [Thread-2:140117824206592] [django.db.backends:89] [utils:execute] [DEBUG]- (0.001) SELECT `blog_article`.`id`, `blog_article`.`title`, `blog_article`.`desc`, `blog_article`.`content`, `blog_article`.`click_count`, `blog_article`.`is_recommend`, `blog_article`.`date_publish`, `blog_article`.`user_id`, `blog_article`.`category_id` FROM `blog_article` ORDER BY `blog_article`.`click_count` ASC LIMIT 6; args=()
2018-01-17 18:27:37,293 [Thread-2:140117824206592] [django.db.backends:89] [utils:execute] [DEBUG]- (0.001) SELECT `blog_article`.`id`, `blog_article`.`title`, `blog_article`.`desc`, `blog_article`.`content`, `blog_article`.`click_count`, `blog_article`.`is_recommend`, `blog_article`.`date_publish`, `blog_article`.`user_id`, `blog_article`.`category_id` FROM `blog_article` WHERE `blog_article`.`is_recommend` = 1 ORDER BY `blog_article`.`date_publish` DESC; args=(True,)
2018-01-17 18:27:37,294 [Thread-2:140117824206592] [django.db.backends:89] [utils:execute] [DEBUG]- (0.001) SELECT `blog_tag`.`id`, `blog_tag`.`name` FROM `blog_tag` ORDER BY `blog_tag`.`id` ASC; args=()
2018-01-17 18:27:37,318 [Thread-2:140117824206592] [django.db.backends:89] [utils:execute] [DEBUG]- (0.022) SELECT `blog_links`.`id`, `blog_links`.`title`, `blog_links`.`description`, `blog_links`.`callback_url`, `blog_links`.`date_publish`, `blog_links`.`index` FROM `blog_links` ORDER BY `blog_links`.`index` ASC, `blog_links`.`id` ASC; args=()
2018-01-17 18:27:46,270 [Thread-29:140117729601280] [django.db.backends:89] [utils:execute] [DEBUG]- (0.000) SET SQL_AUTO_IS_NULL = 0; args=None
2018-01-17 18:27:46,272 [Thread-29:140117729601280] [django.db.backends:89] [utils:execute] [DEBUG]- (0.002) SELECT `blog_article`.`date_publish` FROM `blog_article` ORDER BY `blog_article`.`date_publish` DESC; args=()
2018-01-17 18:27:46,278 [Thread-29:140117729601280] [django.db.backends:89] [utils:execute] [DEBUG]- (0.003) 
			select article_id from blog_comment 
			group by article_id 
			order by count(article_id) 
			desc
		; args=None
2018-01-17 18:27:46,281 [Thread-29:140117729601280] [django.db.backends:89] [utils:execute] [DEBUG]- (0.001) SELECT `blog_article`.`id`, `blog_article`.`title`, `blog_article`.`desc`, `blog_article`.`content`, `blog_article`.`click_count`, `blog_article`.`is_recommend`, `blog_article`.`date_publish`, `blog_article`.`user_id`, `blog_article`.`category_id` FROM `blog_article` WHERE `blog_article`.`id` = 1; args=(1,)
2018-01-17 18:28:50,856 [Thread-34:140117729601280] [django.db.backends:89] [utils:execute] [DEBUG]- (0.000) SET SQL_AUTO_IS_NULL = 0; args=None
2018-01-17 18:28:50,857 [Thread-34:140117729601280] [django.db.backends:89] [utils:execute] [DEBUG]- (0.000) SET SQL_AUTO_IS_NULL = 0; args=None
2018-01-17 18:28:50,895 [Thread-34:140117729601280] [django.db.backends:89] [utils:execute] [DEBUG]- (0.038) SELECT `blog_user`.`id`, `blog_user`.`password`, `blog_user`.`last_login`, `blog_user`.`is_superuser`, `blog_user`.`username`, `blog_user`.`first_name`, `blog_user`.`last_name`, `blog_user`.`email`, `blog_user`.`is_staff`, `blog_user`.`is_active`, `blog_user`.`date_joined`, `blog_user`.`avatar`, `blog_user`.`qq`, `blog_user`.`mobile`, `blog_user`.`url` FROM `blog_user` WHERE `blog_user`.`username` = 'admin'; args=('admin',)
2018-01-17 18:28:50,964 [Thread-34:140117729601280] [django.db.backends:89] [utils:execute] [DEBUG]- (0.001) SELECT `blog_article`.`date_publish` FROM `blog_article` ORDER BY `blog_article`.`date_publish` DESC; args=()
2018-01-17 18:28:50,971 [Thread-34:140117729601280] [django.db.backends:89] [utils:execute] [DEBUG]- (0.002) 
			select article_id from blog_comment 
			group by article_id 
			order by count(article_id) 
			desc
		; args=None
2018-01-17 18:28:50,980 [Thread-34:140117729601280] [django.db.backends:89] [utils:execute] [DEBUG]- (0.003) SELECT `blog_article`.`id`, `blog_article`.`title`, `blog_article`.`desc`, `blog_article`.`content`, `blog_article`.`click_count`, `blog_article`.`is_recommend`, `blog_article`.`date_publish`, `blog_article`.`user_id`, `blog_article`.`category_id` FROM `blog_article` WHERE `blog_article`.`id` = 1; args=(1,)
2018-01-17 18:28:57,108 [Thread-37:140117721208576] [django.db.backends:89] [utils:execute] [DEBUG]- (0.000) SET SQL_AUTO_IS_NULL = 0; args=None
2018-01-17 18:28:57,121 [Thread-37:140117721208576] [django.db.backends:89] [utils:execute] [DEBUG]- (0.000) SET SQL_AUTO_IS_NULL = 0; args=None
2018-01-17 18:28:57,122 [Thread-37:140117721208576] [django.db.backends:89] [utils:execute] [DEBUG]- (0.001) SELECT `blog_user`.`id`, `blog_user`.`password`, `blog_user`.`last_login`, `blog_user`.`is_superuser`, `blog_user`.`username`, `blog_user`.`first_name`, `blog_user`.`last_name`, `blog_user`.`email`, `blog_user`.`is_staff`, `blog_user`.`is_active`, `blog_user`.`date_joined`, `blog_user`.`avatar`, `blog_user`.`qq`, `blog_user`.`mobile`, `blog_user`.`url` FROM `blog_user` WHERE `blog_user`.`username` = 'admin'; args=('admin',)
2018-01-17 18:28:57,187 [Thread-37:140117721208576] [django.db.backends:89] [utils:execute] [DEBUG]- (0.001) SELECT `blog_article`.`date_publish` FROM `blog_article` ORDER BY `blog_article`.`date_publish` DESC; args=()
2018-01-17 18:28:57,188 [Thread-37:140117721208576] [django.db.backends:89] [utils:execute] [DEBUG]- (0.001) 
			select article_id from blog_comment 
			group by article_id 
			order by count(article_id) 
			desc
		; args=None
2018-01-17 18:28:57,190 [Thread-37:140117721208576] [django.db.backends:89] [utils:execute] [DEBUG]- (0.002) SELECT `blog_article`.`id`, `blog_article`.`title`, `blog_article`.`desc`, `blog_article`.`content`, `blog_article`.`click_count`, `blog_article`.`is_recommend`, `blog_article`.`date_publish`, `blog_article`.`user_id`, `blog_article`.`category_id` FROM `blog_article` WHERE `blog_article`.`id` = 1; args=(1,)
2018-01-17 18:29:39,417 [Thread-40:140117721208576] [django.db.backends:89] [utils:execute] [DEBUG]- (0.000) SET SQL_AUTO_IS_NULL = 0; args=None
2018-01-17 18:29:39,418 [Thread-40:140117721208576] [django.db.backends:89] [utils:execute] [DEBUG]- (0.001) SELECT `blog_article`.`date_publish` FROM `blog_article` ORDER BY `blog_article`.`date_publish` DESC; args=()
2018-01-17 18:29:39,420 [Thread-40:140117721208576] [django.db.backends:89] [utils:execute] [DEBUG]- (0.001) 
			select article_id from blog_comment 
			group by article_id 
			order by count(article_id) 
			desc
		; args=None
2018-01-17 18:29:39,424 [Thread-40:140117721208576] [django.db.backends:89] [utils:execute] [DEBUG]- (0.003) SELECT `blog_article`.`id`, `blog_article`.`title`, `blog_article`.`desc`, `blog_article`.`content`, `blog_article`.`click_count`, `blog_article`.`is_recommend`, `blog_article`.`date_publish`, `blog_article`.`user_id`, `blog_article`.`category_id` FROM `blog_article` WHERE `blog_article`.`id` = 1; args=(1,)
2018-01-17 18:30:09,299 [Thread-43:140117721208576] [django.db.backends:89] [utils:execute] [DEBUG]- (0.000) SET SQL_AUTO_IS_NULL = 0; args=None
2018-01-17 18:30:09,301 [Thread-43:140117721208576] [django.db.backends:89] [utils:execute] [DEBUG]- (0.000) SET SQL_AUTO_IS_NULL = 0; args=None
2018-01-17 18:30:09,302 [Thread-43:140117721208576] [django.db.backends:89] [utils:execute] [DEBUG]- (0.001) SELECT `blog_user`.`id`, `blog_user`.`password`, `blog_user`.`last_login`, `blog_user`.`is_superuser`, `blog_user`.`username`, `blog_user`.`first_name`, `blog_user`.`last_name`, `blog_user`.`email`, `blog_user`.`is_staff`, `blog_user`.`is_active`, `blog_user`.`date_joined`, `blog_user`.`avatar`, `blog_user`.`qq`, `blog_user`.`mobile`, `blog_user`.`url` FROM `blog_user` WHERE `blog_user`.`username` = 'admin'; args=('admin',)
2018-01-17 18:30:09,355 [Thread-43:140117721208576] [django.db.backends:89] [utils:execute] [DEBUG]- (0.001) SELECT `blog_article`.`date_publish` FROM `blog_article` ORDER BY `blog_article`.`date_publish` DESC; args=()
2018-01-17 18:30:09,356 [Thread-43:140117721208576] [django.db.backends:89] [utils:execute] [DEBUG]- (0.000) 
			select article_id from blog_comment 
			group by article_id 
			order by count(article_id) 
			desc
		; args=None
2018-01-17 18:30:09,357 [Thread-43:140117721208576] [django.db.backends:89] [utils:execute] [DEBUG]- (0.001) SELECT `blog_article`.`id`, `blog_article`.`title`, `blog_article`.`desc`, `blog_article`.`content`, `blog_article`.`click_count`, `blog_article`.`is_recommend`, `blog_article`.`date_publish`, `blog_article`.`user_id`, `blog_article`.`category_id` FROM `blog_article` WHERE `blog_article`.`id` = 1; args=(1,)
2018-01-17 18:30:47,902 [MainThread:140541995448064] [django.db.backends:89] [utils:execute] [DEBUG]- (0.000) SET SQL_AUTO_IS_NULL = 0; args=None
2018-01-17 18:30:52,070 [MainThread:140541995448064] [django.db.backends:89] [utils:execute] [DEBUG]- (0.000) SET SQL_AUTO_IS_NULL = 0; args=None
2018-01-17 18:30:52,071 [MainThread:140541995448064] [django.db.backends:89] [utils:execute] [DEBUG]- (0.001) SELECT `blog_user`.`id`, `blog_user`.`password`, `blog_user`.`last_login`, `blog_user`.`is_superuser`, `blog_user`.`username`, `blog_user`.`first_name`, `blog_user`.`last_name`, `blog_user`.`email`, `blog_user`.`is_staff`, `blog_user`.`is_active`, `blog_user`.`date_joined`, `blog_user`.`avatar`, `blog_user`.`qq`, `blog_user`.`mobile`, `blog_user`.`url` FROM `blog_user` WHERE `blog_user`.`username` = 'hanyang'; args=('hanyang',)
2018-01-17 18:30:55,499 [MainThread:140541995448064] [django.db.backends:89] [utils:execute] [DEBUG]- (0.022) INSERT INTO `blog_user` (`password`, `last_login`, `is_superuser`, `username`, `first_name`, `last_name`, `email`, `is_staff`, `is_active`, `date_joined`, `avatar`, `qq`, `mobile`, `url`) VALUES ('pbkdf2_sha256$20000$LqlL6hYGldMd$7fm2X5dPD2UYL/PHiF+CSM9FwOBpqvaeqn1TfKyNFK0=', NULL, 1, 'hanyang', '', '', '', 1, 1, '2018-01-17 10:30:55.457734', 'avatar/default.png', NULL, NULL, NULL); args=['pbkdf2_sha256$20000$LqlL6hYGldMd$7fm2X5dPD2UYL/PHiF+CSM9FwOBpqvaeqn1TfKyNFK0=', None, True, 'hanyang', '', '', '', True, True, '2018-01-17 10:30:55.457734', 'avatar/default.png', None, None, None]
2018-01-17 18:31:03,314 [Thread-46:140117721208576] [django.db.backends:89] [utils:execute] [DEBUG]- (0.000) SET SQL_AUTO_IS_NULL = 0; args=None
2018-01-17 18:31:03,316 [Thread-46:140117721208576] [django.db.backends:89] [utils:execute] [DEBUG]- (0.000) SET SQL_AUTO_IS_NULL = 0; args=None
2018-01-17 18:31:03,316 [Thread-46:140117721208576] [django.db.backends:89] [utils:execute] [DEBUG]- (0.001) SELECT `blog_user`.`id`, `blog_user`.`password`, `blog_user`.`last_login`, `blog_user`.`is_superuser`, `blog_user`.`username`, `blog_user`.`first_name`, `blog_user`.`last_name`, `blog_user`.`email`, `blog_user`.`is_staff`, `blog_user`.`is_active`, `blog_user`.`date_joined`, `blog_user`.`avatar`, `blog_user`.`qq`, `blog_user`.`mobile`, `blog_user`.`url` FROM `blog_user` WHERE `blog_user`.`username` = 'hanyang'; args=('hanyang',)
2018-01-17 18:31:03,359 [Thread-46:140117721208576] [django.db.backends:89] [utils:execute] [DEBUG]- (0.001) SELECT (1) AS `a` FROM `django_session` WHERE `django_session`.`session_key` = 'i1jnwfr7ilwvwydcw6q2aupxm30034r6' LIMIT 1; args=('i1jnwfr7ilwvwydcw6q2aupxm30034r6',)
2018-01-17 18:31:03,360 [Thread-46:140117721208576] [django.db.backends:89] [utils:execute] [DEBUG]- (0.000) INSERT INTO `django_session` (`session_key`, `session_data`, `expire_date`) VALUES ('i1jnwfr7ilwvwydcw6q2aupxm30034r6', 'MjAxNTQ3MTAyOWQ2ZTg4NzIyMGZlOTVhYTY3MDA3MzBiZWMyOTlkODp7fQ==', '2018-01-31 10:31:03.359996'); args=('i1jnwfr7ilwvwydcw6q2aupxm30034r6', 'MjAxNTQ3MTAyOWQ2ZTg4NzIyMGZlOTVhYTY3MDA3MzBiZWMyOTlkODp7fQ==', '2018-01-31 10:31:03.359996')
2018-01-17 18:31:03,363 [Thread-46:140117721208576] [django.db.backends:89] [utils:execute] [DEBUG]- (0.000) SELECT `django_session`.`session_key`, `django_session`.`session_data`, `django_session`.`expire_date` FROM `django_session` WHERE `django_session`.`session_key` = 'i1jnwfr7ilwvwydcw6q2aupxm30034r6'; args=('i1jnwfr7ilwvwydcw6q2aupxm30034r6',)
2018-01-17 18:31:03,378 [Thread-46:140117721208576] [django.db.backends:89] [utils:execute] [DEBUG]- (0.014) DELETE FROM `django_session` WHERE `django_session`.`session_key` IN ('i1jnwfr7ilwvwydcw6q2aupxm30034r6'); args=('i1jnwfr7ilwvwydcw6q2aupxm30034r6',)
2018-01-17 18:31:03,408 [Thread-46:140117721208576] [django.db.backends:89] [utils:execute] [DEBUG]- (0.013) UPDATE `blog_user` SET `last_login` = '2018-01-17 10:31:03.395044' WHERE `blog_user`.`id` = 7; args=('2018-01-17 10:31:03.395044', 7)
2018-01-17 18:31:03,415 [Thread-46:140117721208576] [django.db.backends:89] [utils:execute] [DEBUG]- (0.002) UPDATE `django_session` SET `session_data` = 'ZTRlODQ5OTg1Njg0NzdhOGQ1MDAzZDNiMDQxMjJjOTM3Nzg4MTNlZjp7Il9hdXRoX3VzZXJfYmFja2VuZCI6ImRqYW5nby5jb250cmliLmF1dGguYmFja2VuZHMuTW9kZWxCYWNrZW5kIiwiX2F1dGhfdXNlcl9pZCI6IjciLCJfYXV0aF91c2VyX2hhc2giOiJhMDcxZmYxN2FkM2YwYTBlNGJlN2ZlMzc4MmI4NmYyMTBhMTA0ZjVhIn0=', `expire_date` = '2018-01-31 10:31:03.411385' WHERE `django_session`.`session_key` = 'i1jnwfr7ilwvwydcw6q2aupxm30034r6'; args=('ZTRlODQ5OTg1Njg0NzdhOGQ1MDAzZDNiMDQxMjJjOTM3Nzg4MTNlZjp7Il9hdXRoX3VzZXJfYmFja2VuZCI6ImRqYW5nby5jb250cmliLmF1dGguYmFja2VuZHMuTW9kZWxCYWNrZW5kIiwiX2F1dGhfdXNlcl9pZCI6IjciLCJfYXV0aF91c2VyX2hhc2giOiJhMDcxZmYxN2FkM2YwYTBlNGJlN2ZlMzc4MmI4NmYyMTBhMTA0ZjVhIn0=', '2018-01-31 10:31:03.411385', 'i1jnwfr7ilwvwydcw6q2aupxm30034r6')
2018-01-17 18:31:03,416 [Thread-46:140117721208576] [django.db.backends:89] [utils:execute] [DEBUG]- (0.001) INSERT INTO `django_session` (`session_key`, `session_data`, `expire_date`) VALUES ('i1jnwfr7ilwvwydcw6q2aupxm30034r6', 'ZTRlODQ5OTg1Njg0NzdhOGQ1MDAzZDNiMDQxMjJjOTM3Nzg4MTNlZjp7Il9hdXRoX3VzZXJfYmFja2VuZCI6ImRqYW5nby5jb250cmliLmF1dGguYmFja2VuZHMuTW9kZWxCYWNrZW5kIiwiX2F1dGhfdXNlcl9pZCI6IjciLCJfYXV0aF91c2VyX2hhc2giOiJhMDcxZmYxN2FkM2YwYTBlNGJlN2ZlMzc4MmI4NmYyMTBhMTA0ZjVhIn0=', '2018-01-31 10:31:03.411385'); args=('i1jnwfr7ilwvwydcw6q2aupxm30034r6', 'ZTRlODQ5OTg1Njg0NzdhOGQ1MDAzZDNiMDQxMjJjOTM3Nzg4MTNlZjp7Il9hdXRoX3VzZXJfYmFja2VuZCI6ImRqYW5nby5jb250cmliLmF1dGguYmFja2VuZHMuTW9kZWxCYWNrZW5kIiwiX2F1dGhfdXNlcl9pZCI6IjciLCJfYXV0aF91c2VyX2hhc2giOiJhMDcxZmYxN2FkM2YwYTBlNGJlN2ZlMzc4MmI4NmYyMTBhMTA0ZjVhIn0=', '2018-01-31 10:31:03.411385')
2018-01-17 18:31:03,459 [Thread-47:140117721208576] [django.db.backends:89] [utils:execute] [DEBUG]- (0.000) SET SQL_AUTO_IS_NULL = 0; args=None
2018-01-17 18:31:03,460 [Thread-47:140117721208576] [django.db.backends:89] [utils:execute] [DEBUG]- (0.000) SET SQL_AUTO_IS_NULL = 0; args=None
2018-01-17 18:31:03,461 [Thread-47:140117721208576] [django.db.backends:89] [utils:execute] [DEBUG]- (0.001) SELECT `django_session`.`session_key`, `django_session`.`session_data`, `django_session`.`expire_date` FROM `django_session` WHERE (`django_session`.`expire_date` > '2018-01-17 10:31:03.457492' AND `django_session`.`session_key` = 'i1jnwfr7ilwvwydcw6q2aupxm30034r6'); args=('2018-01-17 10:31:03.457492', 'i1jnwfr7ilwvwydcw6q2aupxm30034r6')
2018-01-17 18:31:03,463 [Thread-47:140117721208576] [django.db.backends:89] [utils:execute] [DEBUG]- (0.001) SELECT `blog_user`.`id`, `blog_user`.`password`, `blog_user`.`last_login`, `blog_user`.`is_superuser`, `blog_user`.`username`, `blog_user`.`first_name`, `blog_user`.`last_name`, `blog_user`.`email`, `blog_user`.`is_staff`, `blog_user`.`is_active`, `blog_user`.`date_joined`, `blog_user`.`avatar`, `blog_user`.`qq`, `blog_user`.`mobile`, `blog_user`.`url` FROM `blog_user` WHERE `blog_user`.`id` = 7; args=(7,)
2018-01-17 18:31:03,490 [Thread-47:140117721208576] [django.db.backends:89] [utils:execute] [DEBUG]- (0.001) SELECT `blog_article`.`date_publish` FROM `blog_article` ORDER BY `blog_article`.`date_publish` DESC; args=()
2018-01-17 18:31:03,491 [Thread-47:140117721208576] [django.db.backends:89] [utils:execute] [DEBUG]- (0.000) 
			select article_id from blog_comment 
			group by article_id 
			order by count(article_id) 
			desc
		; args=None
2018-01-17 18:31:03,492 [Thread-47:140117721208576] [django.db.backends:89] [utils:execute] [DEBUG]- (0.001) SELECT `blog_article`.`id`, `blog_article`.`title`, `blog_article`.`desc`, `blog_article`.`content`, `blog_article`.`click_count`, `blog_article`.`is_recommend`, `blog_article`.`date_publish`, `blog_article`.`user_id`, `blog_article`.`category_id` FROM `blog_article` WHERE `blog_article`.`id` = 1; args=(1,)
2018-01-17 18:31:03,503 [Thread-47:140117721208576] [django.db.backends:89] [utils:execute] [DEBUG]- (0.002) SELECT `django_admin_log`.`id`, `django_admin_log`.`action_time`, `django_admin_log`.`user_id`, `django_admin_log`.`content_type_id`, `django_admin_log`.`object_id`, `django_admin_log`.`object_repr`, `django_admin_log`.`action_flag`, `django_admin_log`.`change_message`, `blog_user`.`id`, `blog_user`.`password`, `blog_user`.`last_login`, `blog_user`.`is_superuser`, `blog_user`.`username`, `blog_user`.`first_name`, `blog_user`.`last_name`, `blog_user`.`email`, `blog_user`.`is_staff`, `blog_user`.`is_active`, `blog_user`.`date_joined`, `blog_user`.`avatar`, `blog_user`.`qq`, `blog_user`.`mobile`, `blog_user`.`url`, `django_content_type`.`id`, `django_content_type`.`app_label`, `django_content_type`.`model` FROM `django_admin_log` INNER JOIN `blog_user` ON ( `django_admin_log`.`user_id` = `blog_user`.`id` ) LEFT OUTER JOIN `django_content_type` ON ( `django_admin_log`.`content_type_id` = `django_content_type`.`id` ) WHERE `django_admin_log`.`user_id` = 7 ORDER BY `django_admin_log`.`action_time` DESC LIMIT 10; args=(7,)
2018-01-17 18:31:34,902 [Thread-54:140117729601280] [django.db.backends:89] [utils:execute] [DEBUG]- (0.001) SET SQL_AUTO_IS_NULL = 0; args=None
2018-01-17 18:31:34,914 [Thread-54:140117729601280] [django.db.backends:89] [utils:execute] [DEBUG]- (0.000) SET SQL_AUTO_IS_NULL = 0; args=None
2018-01-17 18:31:34,915 [Thread-54:140117729601280] [django.db.backends:89] [utils:execute] [DEBUG]- (0.000) SELECT `django_session`.`session_key`, `django_session`.`session_data`, `django_session`.`expire_date` FROM `django_session` WHERE (`django_session`.`expire_date` > '2018-01-17 10:31:34.897113' AND `django_session`.`session_key` = 'i1jnwfr7ilwvwydcw6q2aupxm30034r6'); args=('2018-01-17 10:31:34.897113', 'i1jnwfr7ilwvwydcw6q2aupxm30034r6')
2018-01-17 18:31:34,916 [Thread-54:140117729601280] [django.db.backends:89] [utils:execute] [DEBUG]- (0.001) SELECT `blog_user`.`id`, `blog_user`.`password`, `blog_user`.`last_login`, `blog_user`.`is_superuser`, `blog_user`.`username`, `blog_user`.`first_name`, `blog_user`.`last_name`, `blog_user`.`email`, `blog_user`.`is_staff`, `blog_user`.`is_active`, `blog_user`.`date_joined`, `blog_user`.`avatar`, `blog_user`.`qq`, `blog_user`.`mobile`, `blog_user`.`url` FROM `blog_user` WHERE `blog_user`.`id` = 7; args=(7,)
2018-01-17 18:31:34,922 [Thread-54:140117729601280] [django.db.backends:89] [utils:execute] [DEBUG]- (0.000) SELECT `blog_article`.`date_publish` FROM `blog_article` ORDER BY `blog_article`.`date_publish` DESC; args=()
2018-01-17 18:31:34,923 [Thread-54:140117729601280] [django.db.backends:89] [utils:execute] [DEBUG]- (0.000) 
			select article_id from blog_comment 
			group by article_id 
			order by count(article_id) 
			desc
		; args=None
2018-01-17 18:31:34,924 [Thread-54:140117729601280] [django.db.backends:89] [utils:execute] [DEBUG]- (0.001) SELECT `blog_article`.`id`, `blog_article`.`title`, `blog_article`.`desc`, `blog_article`.`content`, `blog_article`.`click_count`, `blog_article`.`is_recommend`, `blog_article`.`date_publish`, `blog_article`.`user_id`, `blog_article`.`category_id` FROM `blog_article` WHERE `blog_article`.`id` = 1; args=(1,)
2018-01-17 18:31:34,945 [Thread-54:140117729601280] [django.db.backends:89] [utils:execute] [DEBUG]- (0.002) SELECT `django_admin_log`.`id`, `django_admin_log`.`action_time`, `django_admin_log`.`user_id`, `django_admin_log`.`content_type_id`, `django_admin_log`.`object_id`, `django_admin_log`.`object_repr`, `django_admin_log`.`action_flag`, `django_admin_log`.`change_message`, `blog_user`.`id`, `blog_user`.`password`, `blog_user`.`last_login`, `blog_user`.`is_superuser`, `blog_user`.`username`, `blog_user`.`first_name`, `blog_user`.`last_name`, `blog_user`.`email`, `blog_user`.`is_staff`, `blog_user`.`is_active`, `blog_user`.`date_joined`, `blog_user`.`avatar`, `blog_user`.`qq`, `blog_user`.`mobile`, `blog_user`.`url`, `django_content_type`.`id`, `django_content_type`.`app_label`, `django_content_type`.`model` FROM `django_admin_log` INNER JOIN `blog_user` ON ( `django_admin_log`.`user_id` = `blog_user`.`id` ) LEFT OUTER JOIN `django_content_type` ON ( `django_admin_log`.`content_type_id` = `django_content_type`.`id` ) WHERE `django_admin_log`.`user_id` = 7 ORDER BY `django_admin_log`.`action_time` DESC LIMIT 10; args=(7,)
2018-01-17 18:31:43,346 [Thread-57:140117729601280] [django.db.backends:89] [utils:execute] [DEBUG]- (0.000) SET SQL_AUTO_IS_NULL = 0; args=None
2018-01-17 18:31:43,348 [Thread-57:140117729601280] [django.db.backends:89] [utils:execute] [DEBUG]- (0.000) SET SQL_AUTO_IS_NULL = 0; args=None
2018-01-17 18:31:43,350 [Thread-57:140117729601280] [django.db.backends:89] [utils:execute] [DEBUG]- (0.001) SELECT `django_session`.`session_key`, `django_session`.`session_data`, `django_session`.`expire_date` FROM `django_session` WHERE (`django_session`.`expire_date` > '2018-01-17 10:31:43.344370' AND `django_session`.`session_key` = 'i1jnwfr7ilwvwydcw6q2aupxm30034r6'); args=('2018-01-17 10:31:43.344370', 'i1jnwfr7ilwvwydcw6q2aupxm30034r6')
2018-01-17 18:31:43,352 [Thread-57:140117729601280] [django.db.backends:89] [utils:execute] [DEBUG]- (0.001) SELECT `blog_user`.`id`, `blog_user`.`password`, `blog_user`.`last_login`, `blog_user`.`is_superuser`, `blog_user`.`username`, `blog_user`.`first_name`, `blog_user`.`last_name`, `blog_user`.`email`, `blog_user`.`is_staff`, `blog_user`.`is_active`, `blog_user`.`date_joined`, `blog_user`.`avatar`, `blog_user`.`qq`, `blog_user`.`mobile`, `blog_user`.`url` FROM `blog_user` WHERE `blog_user`.`id` = 7; args=(7,)
2018-01-17 18:31:43,353 [Thread-57:140117729601280] [django.db.backends:89] [utils:execute] [DEBUG]- (0.001) SELECT `django_session`.`session_key`, `django_session`.`session_data`, `django_session`.`expire_date` FROM `django_session` WHERE `django_session`.`session_key` = 'i1jnwfr7ilwvwydcw6q2aupxm30034r6'; args=('i1jnwfr7ilwvwydcw6q2aupxm30034r6',)
2018-01-17 18:31:43,364 [Thread-57:140117729601280] [django.db.backends:89] [utils:execute] [DEBUG]- (0.005) DELETE FROM `django_session` WHERE `django_session`.`session_key` IN ('i1jnwfr7ilwvwydcw6q2aupxm30034r6'); args=('i1jnwfr7ilwvwydcw6q2aupxm30034r6',)
2018-01-17 18:31:43,384 [Thread-57:140117729601280] [django.db.backends:89] [utils:execute] [DEBUG]- (0.001) SELECT `blog_article`.`date_publish` FROM `blog_article` ORDER BY `blog_article`.`date_publish` DESC; args=()
2018-01-17 18:31:43,385 [Thread-57:140117729601280] [django.db.backends:89] [utils:execute] [DEBUG]- (0.000) 
			select article_id from blog_comment 
			group by article_id 
			order by count(article_id) 
			desc
		; args=None
2018-01-17 18:31:43,386 [Thread-57:140117729601280] [django.db.backends:89] [utils:execute] [DEBUG]- (0.001) SELECT `blog_article`.`id`, `blog_article`.`title`, `blog_article`.`desc`, `blog_article`.`content`, `blog_article`.`click_count`, `blog_article`.`is_recommend`, `blog_article`.`date_publish`, `blog_article`.`user_id`, `blog_article`.`category_id` FROM `blog_article` WHERE `blog_article`.`id` = 1; args=(1,)
2018-01-17 18:31:47,748 [Thread-59:140117729601280] [django.db.backends:89] [utils:execute] [DEBUG]- (0.000) SET SQL_AUTO_IS_NULL = 0; args=None
2018-01-17 18:31:47,748 [Thread-59:140117729601280] [django.db.backends:89] [utils:execute] [DEBUG]- (0.000) SELECT `blog_article`.`date_publish` FROM `blog_article` ORDER BY `blog_article`.`date_publish` DESC; args=()
2018-01-17 18:31:47,749 [Thread-59:140117729601280] [django.db.backends:89] [utils:execute] [DEBUG]- (0.001) 
			select article_id from blog_comment 
			group by article_id 
			order by count(article_id) 
			desc
		; args=None
2018-01-17 18:31:47,751 [Thread-59:140117729601280] [django.db.backends:89] [utils:execute] [DEBUG]- (0.001) SELECT `blog_article`.`id`, `blog_article`.`title`, `blog_article`.`desc`, `blog_article`.`content`, `blog_article`.`click_count`, `blog_article`.`is_recommend`, `blog_article`.`date_publish`, `blog_article`.`user_id`, `blog_article`.`category_id` FROM `blog_article` WHERE `blog_article`.`id` = 1; args=(1,)
2018-01-17 18:32:30,354 [Thread-61:140117729601280] [django.db.backends:89] [utils:execute] [DEBUG]- (0.000) SET SQL_AUTO_IS_NULL = 0; args=None
2018-01-17 18:32:30,354 [Thread-61:140117729601280] [django.db.backends:89] [utils:execute] [DEBUG]- (0.000) SELECT COUNT(*) AS `__count` FROM `blog_article`; args=()
2018-01-17 18:32:30,359 [Thread-61:140117729601280] [django.db.backends:89] [utils:execute] [DEBUG]- (0.002) SELECT `blog_article`.`date_publish` FROM `blog_article` ORDER BY `blog_article`.`date_publish` DESC; args=()
2018-01-17 18:32:30,362 [Thread-61:140117729601280] [django.db.backends:89] [utils:execute] [DEBUG]- (0.002) 
			select article_id from blog_comment 
			group by article_id 
			order by count(article_id) 
			desc
		; args=None
2018-01-17 18:32:30,368 [Thread-61:140117729601280] [django.db.backends:89] [utils:execute] [DEBUG]- (0.004) SELECT `blog_article`.`id`, `blog_article`.`title`, `blog_article`.`desc`, `blog_article`.`content`, `blog_article`.`click_count`, `blog_article`.`is_recommend`, `blog_article`.`date_publish`, `blog_article`.`user_id`, `blog_article`.`category_id` FROM `blog_article` WHERE `blog_article`.`id` = 1; args=(1,)
2018-01-17 18:32:30,371 [Thread-61:140117729601280] [django.db.backends:89] [utils:execute] [DEBUG]- (0.001) SELECT `blog_category`.`id`, `blog_category`.`name`, `blog_category`.`index` FROM `blog_category` ORDER BY `blog_category`.`index` ASC, `blog_category`.`id` ASC; args=()
2018-01-17 18:32:30,374 [Thread-61:140117729601280] [django.db.backends:89] [utils:execute] [DEBUG]- (0.001) SELECT `blog_ad`.`id`, `blog_ad`.`title`, `blog_ad`.`description`, `blog_ad`.`image_url`, `blog_ad`.`callback_url`, `blog_ad`.`date_publish`, `blog_ad`.`index` FROM `blog_ad` ORDER BY `blog_ad`.`index` ASC, `blog_ad`.`id` ASC LIMIT 5; args=()
2018-01-17 18:32:30,378 [Thread-61:140117729601280] [django.db.backends:89] [utils:execute] [DEBUG]- (0.003) SELECT `blog_article`.`id`, `blog_article`.`title`, `blog_article`.`desc`, `blog_article`.`content`, `blog_article`.`click_count`, `blog_article`.`is_recommend`, `blog_article`.`date_publish`, `blog_article`.`user_id`, `blog_article`.`category_id` FROM `blog_article` ORDER BY `blog_article`.`date_publish` DESC LIMIT 1; args=()
2018-01-17 18:32:30,381 [Thread-61:140117729601280] [django.db.backends:89] [utils:execute] [DEBUG]- (0.001) SELECT `blog_tag`.`id`, `blog_tag`.`name` FROM `blog_tag` INNER JOIN `blog_article_tag` ON ( `blog_tag`.`id` = `blog_article_tag`.`tag_id` ) WHERE `blog_article_tag`.`article_id` = 1 ORDER BY `blog_tag`.`id` ASC; args=(1,)
2018-01-17 18:32:30,383 [Thread-61:140117729601280] [django.db.backends:89] [utils:execute] [DEBUG]- (0.001) SELECT COUNT(*) AS `__count` FROM `blog_comment` WHERE `blog_comment`.`article_id` = 1; args=(1,)
2018-01-17 18:32:30,387 [Thread-61:140117729601280] [django.db.backends:89] [utils:execute] [DEBUG]- (0.001) SELECT `blog_article`.`id`, `blog_article`.`title`, `blog_article`.`desc`, `blog_article`.`content`, `blog_article`.`click_count`, `blog_article`.`is_recommend`, `blog_article`.`date_publish`, `blog_article`.`user_id`, `blog_article`.`category_id` FROM `blog_article` ORDER BY `blog_article`.`click_count` ASC LIMIT 6; args=()
2018-01-17 18:32:30,394 [Thread-61:140117729601280] [django.db.backends:89] [utils:execute] [DEBUG]- (0.003) SELECT `blog_article`.`id`, `blog_article`.`title`, `blog_article`.`desc`, `blog_article`.`content`, `blog_article`.`click_count`, `blog_article`.`is_recommend`, `blog_article`.`date_publish`, `blog_article`.`user_id`, `blog_article`.`category_id` FROM `blog_article` WHERE `blog_article`.`is_recommend` = 1 ORDER BY `blog_article`.`date_publish` DESC; args=(True,)
2018-01-17 18:32:30,395 [Thread-61:140117729601280] [django.db.backends:89] [utils:execute] [DEBUG]- (0.001) SELECT `blog_tag`.`id`, `blog_tag`.`name` FROM `blog_tag` ORDER BY `blog_tag`.`id` ASC; args=()
2018-01-17 18:32:30,402 [Thread-61:140117729601280] [django.db.backends:89] [utils:execute] [DEBUG]- (0.002) SELECT `blog_links`.`id`, `blog_links`.`title`, `blog_links`.`description`, `blog_links`.`callback_url`, `blog_links`.`date_publish`, `blog_links`.`index` FROM `blog_links` ORDER BY `blog_links`.`index` ASC, `blog_links`.`id` ASC; args=()
2018-01-17 18:32:35,372 [Thread-62:140117729601280] [django.db.backends:89] [utils:execute] [DEBUG]- (0.000) SET SQL_AUTO_IS_NULL = 0; args=None
2018-01-17 18:32:35,374 [Thread-62:140117729601280] [django.db.backends:89] [utils:execute] [DEBUG]- (0.002) SELECT COUNT(*) AS `__count` FROM `blog_article`; args=()
2018-01-17 18:32:35,379 [Thread-62:140117729601280] [django.db.backends:89] [utils:execute] [DEBUG]- (0.000) SELECT `blog_article`.`date_publish` FROM `blog_article` ORDER BY `blog_article`.`date_publish` DESC; args=()
2018-01-17 18:32:35,380 [Thread-62:140117729601280] [django.db.backends:89] [utils:execute] [DEBUG]- (0.000) 
			select article_id from blog_comment 
			group by article_id 
			order by count(article_id) 
			desc
		; args=None
2018-01-17 18:32:35,382 [Thread-62:140117729601280] [django.db.backends:89] [utils:execute] [DEBUG]- (0.001) SELECT `blog_article`.`id`, `blog_article`.`title`, `blog_article`.`desc`, `blog_article`.`content`, `blog_article`.`click_count`, `blog_article`.`is_recommend`, `blog_article`.`date_publish`, `blog_article`.`user_id`, `blog_article`.`category_id` FROM `blog_article` WHERE `blog_article`.`id` = 1; args=(1,)
2018-01-17 18:32:35,389 [Thread-62:140117729601280] [django.db.backends:89] [utils:execute] [DEBUG]- (0.001) SELECT `blog_category`.`id`, `blog_category`.`name`, `blog_category`.`index` FROM `blog_category` ORDER BY `blog_category`.`index` ASC, `blog_category`.`id` ASC; args=()
2018-01-17 18:32:35,393 [Thread-62:140117729601280] [django.db.backends:89] [utils:execute] [DEBUG]- (0.001) SELECT `blog_ad`.`id`, `blog_ad`.`title`, `blog_ad`.`description`, `blog_ad`.`image_url`, `blog_ad`.`callback_url`, `blog_ad`.`date_publish`, `blog_ad`.`index` FROM `blog_ad` ORDER BY `blog_ad`.`index` ASC, `blog_ad`.`id` ASC LIMIT 5; args=()
2018-01-17 18:32:35,394 [Thread-62:140117729601280] [django.db.backends:89] [utils:execute] [DEBUG]- (0.001) SELECT `blog_article`.`id`, `blog_article`.`title`, `blog_article`.`desc`, `blog_article`.`content`, `blog_article`.`click_count`, `blog_article`.`is_recommend`, `blog_article`.`date_publish`, `blog_article`.`user_id`, `blog_article`.`category_id` FROM `blog_article` ORDER BY `blog_article`.`date_publish` DESC LIMIT 1; args=()
2018-01-17 18:32:35,396 [Thread-62:140117729601280] [django.db.backends:89] [utils:execute] [DEBUG]- (0.001) SELECT `blog_tag`.`id`, `blog_tag`.`name` FROM `blog_tag` INNER JOIN `blog_article_tag` ON ( `blog_tag`.`id` = `blog_article_tag`.`tag_id` ) WHERE `blog_article_tag`.`article_id` = 1 ORDER BY `blog_tag`.`id` ASC; args=(1,)
2018-01-17 18:32:35,398 [Thread-62:140117729601280] [django.db.backends:89] [utils:execute] [DEBUG]- (0.000) SELECT COUNT(*) AS `__count` FROM `blog_comment` WHERE `blog_comment`.`article_id` = 1; args=(1,)
2018-01-17 18:32:35,400 [Thread-62:140117729601280] [django.db.backends:89] [utils:execute] [DEBUG]- (0.001) SELECT `blog_article`.`id`, `blog_article`.`title`, `blog_article`.`desc`, `blog_article`.`content`, `blog_article`.`click_count`, `blog_article`.`is_recommend`, `blog_article`.`date_publish`, `blog_article`.`user_id`, `blog_article`.`category_id` FROM `blog_article` ORDER BY `blog_article`.`click_count` ASC LIMIT 6; args=()
2018-01-17 18:32:35,402 [Thread-62:140117729601280] [django.db.backends:89] [utils:execute] [DEBUG]- (0.001) SELECT `blog_article`.`id`, `blog_article`.`title`, `blog_article`.`desc`, `blog_article`.`content`, `blog_article`.`click_count`, `blog_article`.`is_recommend`, `blog_article`.`date_publish`, `blog_article`.`user_id`, `blog_article`.`category_id` FROM `blog_article` WHERE `blog_article`.`is_recommend` = 1 ORDER BY `blog_article`.`date_publish` DESC; args=(True,)
2018-01-17 18:32:35,403 [Thread-62:140117729601280] [django.db.backends:89] [utils:execute] [DEBUG]- (0.000) SELECT `blog_tag`.`id`, `blog_tag`.`name` FROM `blog_tag` ORDER BY `blog_tag`.`id` ASC; args=()
2018-01-17 18:32:35,404 [Thread-62:140117729601280] [django.db.backends:89] [utils:execute] [DEBUG]- (0.000) SELECT `blog_links`.`id`, `blog_links`.`title`, `blog_links`.`description`, `blog_links`.`callback_url`, `blog_links`.`date_publish`, `blog_links`.`index` FROM `blog_links` ORDER BY `blog_links`.`index` ASC, `blog_links`.`id` ASC; args=()
2018-01-17 18:33:29,569 [Thread-72:140117729601280] [django.db.backends:89] [utils:execute] [DEBUG]- (0.000) SET SQL_AUTO_IS_NULL = 0; args=None
2018-01-17 18:33:29,569 [Thread-72:140117729601280] [django.db.backends:89] [utils:execute] [DEBUG]- (0.000) SELECT COUNT(*) AS `__count` FROM `blog_article`; args=()
2018-01-17 18:33:29,571 [Thread-72:140117729601280] [django.db.backends:89] [utils:execute] [DEBUG]- (0.000) SELECT `blog_article`.`date_publish` FROM `blog_article` ORDER BY `blog_article`.`date_publish` DESC; args=()
2018-01-17 18:33:29,572 [Thread-72:140117729601280] [django.db.backends:89] [utils:execute] [DEBUG]- (0.000) 
			select article_id from blog_comment 
			group by article_id 
			order by count(article_id) 
			desc
		; args=None
2018-01-17 18:33:29,574 [Thread-72:140117729601280] [django.db.backends:89] [utils:execute] [DEBUG]- (0.001) SELECT `blog_article`.`id`, `blog_article`.`title`, `blog_article`.`desc`, `blog_article`.`content`, `blog_article`.`click_count`, `blog_article`.`is_recommend`, `blog_article`.`date_publish`, `blog_article`.`user_id`, `blog_article`.`category_id` FROM `blog_article` WHERE `blog_article`.`id` = 1; args=(1,)
2018-01-17 18:33:29,579 [Thread-72:140117729601280] [django.db.backends:89] [utils:execute] [DEBUG]- (0.001) SELECT `blog_category`.`id`, `blog_category`.`name`, `blog_category`.`index` FROM `blog_category` ORDER BY `blog_category`.`index` ASC, `blog_category`.`id` ASC; args=()
2018-01-17 18:33:29,585 [Thread-72:140117729601280] [django.db.backends:89] [utils:execute] [DEBUG]- (0.003) SELECT `blog_ad`.`id`, `blog_ad`.`title`, `blog_ad`.`description`, `blog_ad`.`image_url`, `blog_ad`.`callback_url`, `blog_ad`.`date_publish`, `blog_ad`.`index` FROM `blog_ad` ORDER BY `blog_ad`.`index` ASC, `blog_ad`.`id` ASC LIMIT 5; args=()
2018-01-17 18:33:29,593 [Thread-72:140117729601280] [django.db.backends:89] [utils:execute] [DEBUG]- (0.003) SELECT `blog_article`.`id`, `blog_article`.`title`, `blog_article`.`desc`, `blog_article`.`content`, `blog_article`.`click_count`, `blog_article`.`is_recommend`, `blog_article`.`date_publish`, `blog_article`.`user_id`, `blog_article`.`category_id` FROM `blog_article` ORDER BY `blog_article`.`date_publish` DESC LIMIT 1; args=()
2018-01-17 18:33:29,595 [Thread-72:140117729601280] [django.db.backends:89] [utils:execute] [DEBUG]- (0.001) SELECT `blog_tag`.`id`, `blog_tag`.`name` FROM `blog_tag` INNER JOIN `blog_article_tag` ON ( `blog_tag`.`id` = `blog_article_tag`.`tag_id` ) WHERE `blog_article_tag`.`article_id` = 1 ORDER BY `blog_tag`.`id` ASC; args=(1,)
2018-01-17 18:33:29,599 [Thread-72:140117729601280] [django.db.backends:89] [utils:execute] [DEBUG]- (0.001) SELECT COUNT(*) AS `__count` FROM `blog_comment` WHERE `blog_comment`.`article_id` = 1; args=(1,)
2018-01-17 18:33:29,602 [Thread-72:140117729601280] [django.db.backends:89] [utils:execute] [DEBUG]- (0.001) SELECT `blog_article`.`id`, `blog_article`.`title`, `blog_article`.`desc`, `blog_article`.`content`, `blog_article`.`click_count`, `blog_article`.`is_recommend`, `blog_article`.`date_publish`, `blog_article`.`user_id`, `blog_article`.`category_id` FROM `blog_article` ORDER BY `blog_article`.`click_count` ASC LIMIT 6; args=()
2018-01-17 18:33:29,603 [Thread-72:140117729601280] [django.db.backends:89] [utils:execute] [DEBUG]- (0.001) SELECT `blog_article`.`id`, `blog_article`.`title`, `blog_article`.`desc`, `blog_article`.`content`, `blog_article`.`click_count`, `blog_article`.`is_recommend`, `blog_article`.`date_publish`, `blog_article`.`user_id`, `blog_article`.`category_id` FROM `blog_article` WHERE `blog_article`.`is_recommend` = 1 ORDER BY `blog_article`.`date_publish` DESC; args=(True,)
2018-01-17 18:33:29,604 [Thread-72:140117729601280] [django.db.backends:89] [utils:execute] [DEBUG]- (0.000) SELECT `blog_tag`.`id`, `blog_tag`.`name` FROM `blog_tag` ORDER BY `blog_tag`.`id` ASC; args=()
2018-01-17 18:33:29,606 [Thread-72:140117729601280] [django.db.backends:89] [utils:execute] [DEBUG]- (0.001) SELECT `blog_links`.`id`, `blog_links`.`title`, `blog_links`.`description`, `blog_links`.`callback_url`, `blog_links`.`date_publish`, `blog_links`.`index` FROM `blog_links` ORDER BY `blog_links`.`index` ASC, `blog_links`.`id` ASC; args=()
2018-01-17 18:33:32,218 [Thread-73:140117729601280] [django.db.backends:89] [utils:execute] [DEBUG]- (0.000) SET SQL_AUTO_IS_NULL = 0; args=None
2018-01-17 18:33:32,219 [Thread-73:140117729601280] [django.db.backends:89] [utils:execute] [DEBUG]- (0.000) SELECT COUNT(*) AS `__count` FROM `blog_article`; args=()
2018-01-17 18:33:32,221 [Thread-73:140117729601280] [django.db.backends:89] [utils:execute] [DEBUG]- (0.001) SELECT `blog_article`.`date_publish` FROM `blog_article` ORDER BY `blog_article`.`date_publish` DESC; args=()
2018-01-17 18:33:32,222 [Thread-73:140117729601280] [django.db.backends:89] [utils:execute] [DEBUG]- (0.000) 
			select article_id from blog_comment 
			group by article_id 
			order by count(article_id) 
			desc
		; args=None
2018-01-17 18:33:32,226 [Thread-73:140117729601280] [django.db.backends:89] [utils:execute] [DEBUG]- (0.003) SELECT `blog_article`.`id`, `blog_article`.`title`, `blog_article`.`desc`, `blog_article`.`content`, `blog_article`.`click_count`, `blog_article`.`is_recommend`, `blog_article`.`date_publish`, `blog_article`.`user_id`, `blog_article`.`category_id` FROM `blog_article` WHERE `blog_article`.`id` = 1; args=(1,)
2018-01-17 18:33:32,229 [Thread-73:140117729601280] [django.db.backends:89] [utils:execute] [DEBUG]- (0.001) SELECT `blog_category`.`id`, `blog_category`.`name`, `blog_category`.`index` FROM `blog_category` ORDER BY `blog_category`.`index` ASC, `blog_category`.`id` ASC; args=()
2018-01-17 18:33:32,232 [Thread-73:140117729601280] [django.db.backends:89] [utils:execute] [DEBUG]- (0.001) SELECT `blog_ad`.`id`, `blog_ad`.`title`, `blog_ad`.`description`, `blog_ad`.`image_url`, `blog_ad`.`callback_url`, `blog_ad`.`date_publish`, `blog_ad`.`index` FROM `blog_ad` ORDER BY `blog_ad`.`index` ASC, `blog_ad`.`id` ASC LIMIT 5; args=()
2018-01-17 18:33:32,233 [Thread-73:140117729601280] [django.db.backends:89] [utils:execute] [DEBUG]- (0.001) SELECT `blog_article`.`id`, `blog_article`.`title`, `blog_article`.`desc`, `blog_article`.`content`, `blog_article`.`click_count`, `blog_article`.`is_recommend`, `blog_article`.`date_publish`, `blog_article`.`user_id`, `blog_article`.`category_id` FROM `blog_article` ORDER BY `blog_article`.`date_publish` DESC LIMIT 1; args=()
2018-01-17 18:33:32,236 [Thread-73:140117729601280] [django.db.backends:89] [utils:execute] [DEBUG]- (0.001) SELECT `blog_tag`.`id`, `blog_tag`.`name` FROM `blog_tag` INNER JOIN `blog_article_tag` ON ( `blog_tag`.`id` = `blog_article_tag`.`tag_id` ) WHERE `blog_article_tag`.`article_id` = 1 ORDER BY `blog_tag`.`id` ASC; args=(1,)
2018-01-17 18:33:32,237 [Thread-73:140117729601280] [django.db.backends:89] [utils:execute] [DEBUG]- (0.000) SELECT COUNT(*) AS `__count` FROM `blog_comment` WHERE `blog_comment`.`article_id` = 1; args=(1,)
2018-01-17 18:33:32,243 [Thread-73:140117729601280] [django.db.backends:89] [utils:execute] [DEBUG]- (0.003) SELECT `blog_article`.`id`, `blog_article`.`title`, `blog_article`.`desc`, `blog_article`.`content`, `blog_article`.`click_count`, `blog_article`.`is_recommend`, `blog_article`.`date_publish`, `blog_article`.`user_id`, `blog_article`.`category_id` FROM `blog_article` ORDER BY `blog_article`.`click_count` ASC LIMIT 6; args=()
2018-01-17 18:33:32,253 [Thread-73:140117729601280] [django.db.backends:89] [utils:execute] [DEBUG]- (0.001) SELECT `blog_article`.`id`, `blog_article`.`title`, `blog_article`.`desc`, `blog_article`.`content`, `blog_article`.`click_count`, `blog_article`.`is_recommend`, `blog_article`.`date_publish`, `blog_article`.`user_id`, `blog_article`.`category_id` FROM `blog_article` WHERE `blog_article`.`is_recommend` = 1 ORDER BY `blog_article`.`date_publish` DESC; args=(True,)
2018-01-17 18:33:32,255 [Thread-73:140117729601280] [django.db.backends:89] [utils:execute] [DEBUG]- (0.001) SELECT `blog_tag`.`id`, `blog_tag`.`name` FROM `blog_tag` ORDER BY `blog_tag`.`id` ASC; args=()
2018-01-17 18:33:32,260 [Thread-73:140117729601280] [django.db.backends:89] [utils:execute] [DEBUG]- (0.001) SELECT `blog_links`.`id`, `blog_links`.`title`, `blog_links`.`description`, `blog_links`.`callback_url`, `blog_links`.`date_publish`, `blog_links`.`index` FROM `blog_links` ORDER BY `blog_links`.`index` ASC, `blog_links`.`id` ASC; args=()
2018-01-17 18:33:36,605 [Thread-82:140117721208576] [django.db.backends:89] [utils:execute] [DEBUG]- (0.000) SET SQL_AUTO_IS_NULL = 0; args=None
2018-01-17 18:33:36,605 [Thread-82:140117721208576] [django.db.backends:89] [utils:execute] [DEBUG]- (0.000) SELECT COUNT(*) AS `__count` FROM `blog_article`; args=()
2018-01-17 18:33:36,608 [Thread-82:140117721208576] [django.db.backends:89] [utils:execute] [DEBUG]- (0.000) SELECT `blog_article`.`date_publish` FROM `blog_article` ORDER BY `blog_article`.`date_publish` DESC; args=()
2018-01-17 18:33:36,609 [Thread-82:140117721208576] [django.db.backends:89] [utils:execute] [DEBUG]- (0.000) 
			select article_id from blog_comment 
			group by article_id 
			order by count(article_id) 
			desc
		; args=None
2018-01-17 18:33:36,611 [Thread-82:140117721208576] [django.db.backends:89] [utils:execute] [DEBUG]- (0.001) SELECT `blog_article`.`id`, `blog_article`.`title`, `blog_article`.`desc`, `blog_article`.`content`, `blog_article`.`click_count`, `blog_article`.`is_recommend`, `blog_article`.`date_publish`, `blog_article`.`user_id`, `blog_article`.`category_id` FROM `blog_article` WHERE `blog_article`.`id` = 1; args=(1,)
2018-01-17 18:33:36,615 [Thread-82:140117721208576] [django.db.backends:89] [utils:execute] [DEBUG]- (0.001) SELECT `blog_category`.`id`, `blog_category`.`name`, `blog_category`.`index` FROM `blog_category` ORDER BY `blog_category`.`index` ASC, `blog_category`.`id` ASC; args=()
2018-01-17 18:33:36,618 [Thread-82:140117721208576] [django.db.backends:89] [utils:execute] [DEBUG]- (0.001) SELECT `blog_ad`.`id`, `blog_ad`.`title`, `blog_ad`.`description`, `blog_ad`.`image_url`, `blog_ad`.`callback_url`, `blog_ad`.`date_publish`, `blog_ad`.`index` FROM `blog_ad` ORDER BY `blog_ad`.`index` ASC, `blog_ad`.`id` ASC LIMIT 5; args=()
2018-01-17 18:33:36,620 [Thread-82:140117721208576] [django.db.backends:89] [utils:execute] [DEBUG]- (0.001) SELECT `blog_article`.`id`, `blog_article`.`title`, `blog_article`.`desc`, `blog_article`.`content`, `blog_article`.`click_count`, `blog_article`.`is_recommend`, `blog_article`.`date_publish`, `blog_article`.`user_id`, `blog_article`.`category_id` FROM `blog_article` ORDER BY `blog_article`.`date_publish` DESC LIMIT 1; args=()
2018-01-17 18:33:36,623 [Thread-82:140117721208576] [django.db.backends:89] [utils:execute] [DEBUG]- (0.001) SELECT `blog_tag`.`id`, `blog_tag`.`name` FROM `blog_tag` INNER JOIN `blog_article_tag` ON ( `blog_tag`.`id` = `blog_article_tag`.`tag_id` ) WHERE `blog_article_tag`.`article_id` = 1 ORDER BY `blog_tag`.`id` ASC; args=(1,)
2018-01-17 18:33:36,624 [Thread-82:140117721208576] [django.db.backends:89] [utils:execute] [DEBUG]- (0.001) SELECT COUNT(*) AS `__count` FROM `blog_comment` WHERE `blog_comment`.`article_id` = 1; args=(1,)
2018-01-17 18:33:36,627 [Thread-82:140117721208576] [django.db.backends:89] [utils:execute] [DEBUG]- (0.001) SELECT `blog_article`.`id`, `blog_article`.`title`, `blog_article`.`desc`, `blog_article`.`content`, `blog_article`.`click_count`, `blog_article`.`is_recommend`, `blog_article`.`date_publish`, `blog_article`.`user_id`, `blog_article`.`category_id` FROM `blog_article` ORDER BY `blog_article`.`click_count` ASC LIMIT 6; args=()
2018-01-17 18:33:36,629 [Thread-82:140117721208576] [django.db.backends:89] [utils:execute] [DEBUG]- (0.001) SELECT `blog_article`.`id`, `blog_article`.`title`, `blog_article`.`desc`, `blog_article`.`content`, `blog_article`.`click_count`, `blog_article`.`is_recommend`, `blog_article`.`date_publish`, `blog_article`.`user_id`, `blog_article`.`category_id` FROM `blog_article` WHERE `blog_article`.`is_recommend` = 1 ORDER BY `blog_article`.`date_publish` DESC; args=(True,)
2018-01-17 18:33:36,629 [Thread-82:140117721208576] [django.db.backends:89] [utils:execute] [DEBUG]- (0.000) SELECT `blog_tag`.`id`, `blog_tag`.`name` FROM `blog_tag` ORDER BY `blog_tag`.`id` ASC; args=()
2018-01-17 18:33:36,631 [Thread-82:140117721208576] [django.db.backends:89] [utils:execute] [DEBUG]- (0.001) SELECT `blog_links`.`id`, `blog_links`.`title`, `blog_links`.`description`, `blog_links`.`callback_url`, `blog_links`.`date_publish`, `blog_links`.`index` FROM `blog_links` ORDER BY `blog_links`.`index` ASC, `blog_links`.`id` ASC; args=()
2018-01-17 18:33:41,795 [Thread-93:140117721208576] [django.db.backends:89] [utils:execute] [DEBUG]- (0.001) SET SQL_AUTO_IS_NULL = 0; args=None
2018-01-17 18:33:41,796 [Thread-93:140117721208576] [django.db.backends:89] [utils:execute] [DEBUG]- (0.000) SELECT `blog_article`.`date_publish` FROM `blog_article` ORDER BY `blog_article`.`date_publish` DESC; args=()
2018-01-17 18:33:41,796 [Thread-93:140117721208576] [django.db.backends:89] [utils:execute] [DEBUG]- (0.000) 
			select article_id from blog_comment 
			group by article_id 
			order by count(article_id) 
			desc
		; args=None
2018-01-17 18:33:41,798 [Thread-93:140117721208576] [django.db.backends:89] [utils:execute] [DEBUG]- (0.001) SELECT `blog_article`.`id`, `blog_article`.`title`, `blog_article`.`desc`, `blog_article`.`content`, `blog_article`.`click_count`, `blog_article`.`is_recommend`, `blog_article`.`date_publish`, `blog_article`.`user_id`, `blog_article`.`category_id` FROM `blog_article` WHERE `blog_article`.`id` = 1; args=(1,)
2018-01-17 18:33:54,896 [Thread-96:140117721208576] [django.db.backends:89] [utils:execute] [DEBUG]- (0.000) SET SQL_AUTO_IS_NULL = 0; args=None
2018-01-17 18:33:54,896 [Thread-96:140117721208576] [django.db.backends:89] [utils:execute] [DEBUG]- (0.000) SELECT COUNT(*) AS `__count` FROM `blog_article`; args=()
2018-01-17 18:33:54,899 [Thread-96:140117721208576] [django.db.backends:89] [utils:execute] [DEBUG]- (0.001) SELECT `blog_article`.`date_publish` FROM `blog_article` ORDER BY `blog_article`.`date_publish` DESC; args=()
2018-01-17 18:33:54,900 [Thread-96:140117721208576] [django.db.backends:89] [utils:execute] [DEBUG]- (0.000) 
			select article_id from blog_comment 
			group by article_id 
			order by count(article_id) 
			desc
		; args=None
2018-01-17 18:33:54,903 [Thread-96:140117721208576] [django.db.backends:89] [utils:execute] [DEBUG]- (0.002) SELECT `blog_article`.`id`, `blog_article`.`title`, `blog_article`.`desc`, `blog_article`.`content`, `blog_article`.`click_count`, `blog_article`.`is_recommend`, `blog_article`.`date_publish`, `blog_article`.`user_id`, `blog_article`.`category_id` FROM `blog_article` WHERE `blog_article`.`id` = 1; args=(1,)
2018-01-17 18:33:54,914 [Thread-96:140117721208576] [django.db.backends:89] [utils:execute] [DEBUG]- (0.005) SELECT `blog_category`.`id`, `blog_category`.`name`, `blog_category`.`index` FROM `blog_category` ORDER BY `blog_category`.`index` ASC, `blog_category`.`id` ASC; args=()
2018-01-17 18:33:54,918 [Thread-96:140117721208576] [django.db.backends:89] [utils:execute] [DEBUG]- (0.001) SELECT `blog_ad`.`id`, `blog_ad`.`title`, `blog_ad`.`description`, `blog_ad`.`image_url`, `blog_ad`.`callback_url`, `blog_ad`.`date_publish`, `blog_ad`.`index` FROM `blog_ad` ORDER BY `blog_ad`.`index` ASC, `blog_ad`.`id` ASC LIMIT 5; args=()
2018-01-17 18:33:54,920 [Thread-96:140117721208576] [django.db.backends:89] [utils:execute] [DEBUG]- (0.001) SELECT `blog_article`.`id`, `blog_article`.`title`, `blog_article`.`desc`, `blog_article`.`content`, `blog_article`.`click_count`, `blog_article`.`is_recommend`, `blog_article`.`date_publish`, `blog_article`.`user_id`, `blog_article`.`category_id` FROM `blog_article` ORDER BY `blog_article`.`date_publish` DESC LIMIT 1; args=()
2018-01-17 18:33:54,923 [Thread-96:140117721208576] [django.db.backends:89] [utils:execute] [DEBUG]- (0.002) SELECT `blog_tag`.`id`, `blog_tag`.`name` FROM `blog_tag` INNER JOIN `blog_article_tag` ON ( `blog_tag`.`id` = `blog_article_tag`.`tag_id` ) WHERE `blog_article_tag`.`article_id` = 1 ORDER BY `blog_tag`.`id` ASC; args=(1,)
2018-01-17 18:33:54,925 [Thread-96:140117721208576] [django.db.backends:89] [utils:execute] [DEBUG]- (0.000) SELECT COUNT(*) AS `__count` FROM `blog_comment` WHERE `blog_comment`.`article_id` = 1; args=(1,)
2018-01-17 18:33:54,927 [Thread-96:140117721208576] [django.db.backends:89] [utils:execute] [DEBUG]- (0.001) SELECT `blog_article`.`id`, `blog_article`.`title`, `blog_article`.`desc`, `blog_article`.`content`, `blog_article`.`click_count`, `blog_article`.`is_recommend`, `blog_article`.`date_publish`, `blog_article`.`user_id`, `blog_article`.`category_id` FROM `blog_article` ORDER BY `blog_article`.`click_count` ASC LIMIT 6; args=()
2018-01-17 18:33:54,929 [Thread-96:140117721208576] [django.db.backends:89] [utils:execute] [DEBUG]- (0.001) SELECT `blog_article`.`id`, `blog_article`.`title`, `blog_article`.`desc`, `blog_article`.`content`, `blog_article`.`click_count`, `blog_article`.`is_recommend`, `blog_article`.`date_publish`, `blog_article`.`user_id`, `blog_article`.`category_id` FROM `blog_article` WHERE `blog_article`.`is_recommend` = 1 ORDER BY `blog_article`.`date_publish` DESC; args=(True,)
2018-01-17 18:33:54,930 [Thread-96:140117721208576] [django.db.backends:89] [utils:execute] [DEBUG]- (0.000) SELECT `blog_tag`.`id`, `blog_tag`.`name` FROM `blog_tag` ORDER BY `blog_tag`.`id` ASC; args=()
2018-01-17 18:33:54,932 [Thread-96:140117721208576] [django.db.backends:89] [utils:execute] [DEBUG]- (0.001) SELECT `blog_links`.`id`, `blog_links`.`title`, `blog_links`.`description`, `blog_links`.`callback_url`, `blog_links`.`date_publish`, `blog_links`.`index` FROM `blog_links` ORDER BY `blog_links`.`index` ASC, `blog_links`.`id` ASC; args=()
2018-01-17 18:33:59,673 [Thread-97:140117721208576] [django.db.backends:89] [utils:execute] [DEBUG]- (0.000) SET SQL_AUTO_IS_NULL = 0; args=None
2018-01-17 18:33:59,673 [Thread-97:140117721208576] [django.db.backends:89] [utils:execute] [DEBUG]- (0.000) SELECT COUNT(*) AS `__count` FROM `blog_article`; args=()
2018-01-17 18:33:59,675 [Thread-97:140117721208576] [django.db.backends:89] [utils:execute] [DEBUG]- (0.000) SELECT `blog_article`.`date_publish` FROM `blog_article` ORDER BY `blog_article`.`date_publish` DESC; args=()
2018-01-17 18:33:59,677 [Thread-97:140117721208576] [django.db.backends:89] [utils:execute] [DEBUG]- (0.000) 
			select article_id from blog_comment 
			group by article_id 
			order by count(article_id) 
			desc
		; args=None
2018-01-17 18:33:59,678 [Thread-97:140117721208576] [django.db.backends:89] [utils:execute] [DEBUG]- (0.000) SELECT `blog_article`.`id`, `blog_article`.`title`, `blog_article`.`desc`, `blog_article`.`content`, `blog_article`.`click_count`, `blog_article`.`is_recommend`, `blog_article`.`date_publish`, `blog_article`.`user_id`, `blog_article`.`category_id` FROM `blog_article` WHERE `blog_article`.`id` = 1; args=(1,)
2018-01-17 18:33:59,684 [Thread-97:140117721208576] [django.db.backends:89] [utils:execute] [DEBUG]- (0.001) SELECT `blog_category`.`id`, `blog_category`.`name`, `blog_category`.`index` FROM `blog_category` ORDER BY `blog_category`.`index` ASC, `blog_category`.`id` ASC; args=()
2018-01-17 18:33:59,691 [Thread-97:140117721208576] [django.db.backends:89] [utils:execute] [DEBUG]- (0.004) SELECT `blog_ad`.`id`, `blog_ad`.`title`, `blog_ad`.`description`, `blog_ad`.`image_url`, `blog_ad`.`callback_url`, `blog_ad`.`date_publish`, `blog_ad`.`index` FROM `blog_ad` ORDER BY `blog_ad`.`index` ASC, `blog_ad`.`id` ASC LIMIT 5; args=()
2018-01-17 18:33:59,725 [Thread-97:140117721208576] [django.db.backends:89] [utils:execute] [DEBUG]- (0.004) SELECT `blog_article`.`id`, `blog_article`.`title`, `blog_article`.`desc`, `blog_article`.`content`, `blog_article`.`click_count`, `blog_article`.`is_recommend`, `blog_article`.`date_publish`, `blog_article`.`user_id`, `blog_article`.`category_id` FROM `blog_article` ORDER BY `blog_article`.`date_publish` DESC LIMIT 1; args=()
2018-01-17 18:33:59,727 [Thread-97:140117721208576] [django.db.backends:89] [utils:execute] [DEBUG]- (0.001) SELECT `blog_tag`.`id`, `blog_tag`.`name` FROM `blog_tag` INNER JOIN `blog_article_tag` ON ( `blog_tag`.`id` = `blog_article_tag`.`tag_id` ) WHERE `blog_article_tag`.`article_id` = 1 ORDER BY `blog_tag`.`id` ASC; args=(1,)
2018-01-17 18:33:59,731 [Thread-97:140117721208576] [django.db.backends:89] [utils:execute] [DEBUG]- (0.002) SELECT COUNT(*) AS `__count` FROM `blog_comment` WHERE `blog_comment`.`article_id` = 1; args=(1,)
2018-01-17 18:33:59,740 [Thread-97:140117721208576] [django.db.backends:89] [utils:execute] [DEBUG]- (0.007) SELECT `blog_article`.`id`, `blog_article`.`title`, `blog_article`.`desc`, `blog_article`.`content`, `blog_article`.`click_count`, `blog_article`.`is_recommend`, `blog_article`.`date_publish`, `blog_article`.`user_id`, `blog_article`.`category_id` FROM `blog_article` ORDER BY `blog_article`.`click_count` ASC LIMIT 6; args=()
2018-01-17 18:33:59,746 [Thread-97:140117721208576] [django.db.backends:89] [utils:execute] [DEBUG]- (0.001) SELECT `blog_article`.`id`, `blog_article`.`title`, `blog_article`.`desc`, `blog_article`.`content`, `blog_article`.`click_count`, `blog_article`.`is_recommend`, `blog_article`.`date_publish`, `blog_article`.`user_id`, `blog_article`.`category_id` FROM `blog_article` WHERE `blog_article`.`is_recommend` = 1 ORDER BY `blog_article`.`date_publish` DESC; args=(True,)
2018-01-17 18:33:59,747 [Thread-97:140117721208576] [django.db.backends:89] [utils:execute] [DEBUG]- (0.001) SELECT `blog_tag`.`id`, `blog_tag`.`name` FROM `blog_tag` ORDER BY `blog_tag`.`id` ASC; args=()
2018-01-17 18:33:59,751 [Thread-97:140117721208576] [django.db.backends:89] [utils:execute] [DEBUG]- (0.003) SELECT `blog_links`.`id`, `blog_links`.`title`, `blog_links`.`description`, `blog_links`.`callback_url`, `blog_links`.`date_publish`, `blog_links`.`index` FROM `blog_links` ORDER BY `blog_links`.`index` ASC, `blog_links`.`id` ASC; args=()
2018-01-17 18:34:20,914 [Thread-103:140117721208576] [django.db.backends:89] [utils:execute] [DEBUG]- (0.000) SET SQL_AUTO_IS_NULL = 0; args=None
2018-01-17 18:34:20,915 [Thread-103:140117721208576] [django.db.backends:89] [utils:execute] [DEBUG]- (0.000) SELECT COUNT(*) AS `__count` FROM `blog_article`; args=()
2018-01-17 18:34:20,917 [Thread-103:140117721208576] [django.db.backends:89] [utils:execute] [DEBUG]- (0.000) SELECT `blog_article`.`date_publish` FROM `blog_article` ORDER BY `blog_article`.`date_publish` DESC; args=()
2018-01-17 18:34:20,918 [Thread-103:140117721208576] [django.db.backends:89] [utils:execute] [DEBUG]- (0.000) 
			select article_id from blog_comment 
			group by article_id 
			order by count(article_id) 
			desc
		; args=None
2018-01-17 18:34:20,919 [Thread-103:140117721208576] [django.db.backends:89] [utils:execute] [DEBUG]- (0.001) SELECT `blog_article`.`id`, `blog_article`.`title`, `blog_article`.`desc`, `blog_article`.`content`, `blog_article`.`click_count`, `blog_article`.`is_recommend`, `blog_article`.`date_publish`, `blog_article`.`user_id`, `blog_article`.`category_id` FROM `blog_article` WHERE `blog_article`.`id` = 1; args=(1,)
2018-01-17 18:34:20,924 [Thread-103:140117721208576] [django.db.backends:89] [utils:execute] [DEBUG]- (0.002) SELECT `blog_category`.`id`, `blog_category`.`name`, `blog_category`.`index` FROM `blog_category` ORDER BY `blog_category`.`index` ASC, `blog_category`.`id` ASC; args=()
2018-01-17 18:34:20,928 [Thread-103:140117721208576] [django.db.backends:89] [utils:execute] [DEBUG]- (0.001) SELECT `blog_ad`.`id`, `blog_ad`.`title`, `blog_ad`.`description`, `blog_ad`.`image_url`, `blog_ad`.`callback_url`, `blog_ad`.`date_publish`, `blog_ad`.`index` FROM `blog_ad` ORDER BY `blog_ad`.`index` ASC, `blog_ad`.`id` ASC LIMIT 5; args=()
2018-01-17 18:34:20,937 [Thread-103:140117721208576] [django.db.backends:89] [utils:execute] [DEBUG]- (0.006) SELECT `blog_article`.`id`, `blog_article`.`title`, `blog_article`.`desc`, `blog_article`.`content`, `blog_article`.`click_count`, `blog_article`.`is_recommend`, `blog_article`.`date_publish`, `blog_article`.`user_id`, `blog_article`.`category_id` FROM `blog_article` ORDER BY `blog_article`.`date_publish` DESC LIMIT 1; args=()
2018-01-17 18:34:20,940 [Thread-103:140117721208576] [django.db.backends:89] [utils:execute] [DEBUG]- (0.001) SELECT `blog_tag`.`id`, `blog_tag`.`name` FROM `blog_tag` INNER JOIN `blog_article_tag` ON ( `blog_tag`.`id` = `blog_article_tag`.`tag_id` ) WHERE `blog_article_tag`.`article_id` = 1 ORDER BY `blog_tag`.`id` ASC; args=(1,)
2018-01-17 18:34:20,941 [Thread-103:140117721208576] [django.db.backends:89] [utils:execute] [DEBUG]- (0.000) SELECT COUNT(*) AS `__count` FROM `blog_comment` WHERE `blog_comment`.`article_id` = 1; args=(1,)
2018-01-17 18:34:20,943 [Thread-103:140117721208576] [django.db.backends:89] [utils:execute] [DEBUG]- (0.001) SELECT `blog_article`.`id`, `blog_article`.`title`, `blog_article`.`desc`, `blog_article`.`content`, `blog_article`.`click_count`, `blog_article`.`is_recommend`, `blog_article`.`date_publish`, `blog_article`.`user_id`, `blog_article`.`category_id` FROM `blog_article` ORDER BY `blog_article`.`click_count` ASC LIMIT 6; args=()
2018-01-17 18:34:20,946 [Thread-103:140117721208576] [django.db.backends:89] [utils:execute] [DEBUG]- (0.001) SELECT `blog_article`.`id`, `blog_article`.`title`, `blog_article`.`desc`, `blog_article`.`content`, `blog_article`.`click_count`, `blog_article`.`is_recommend`, `blog_article`.`date_publish`, `blog_article`.`user_id`, `blog_article`.`category_id` FROM `blog_article` WHERE `blog_article`.`is_recommend` = 1 ORDER BY `blog_article`.`date_publish` DESC; args=(True,)
2018-01-17 18:34:20,948 [Thread-103:140117721208576] [django.db.backends:89] [utils:execute] [DEBUG]- (0.000) SELECT `blog_tag`.`id`, `blog_tag`.`name` FROM `blog_tag` ORDER BY `blog_tag`.`id` ASC; args=()
2018-01-17 18:34:20,950 [Thread-103:140117721208576] [django.db.backends:89] [utils:execute] [DEBUG]- (0.002) SELECT `blog_links`.`id`, `blog_links`.`title`, `blog_links`.`description`, `blog_links`.`callback_url`, `blog_links`.`date_publish`, `blog_links`.`index` FROM `blog_links` ORDER BY `blog_links`.`index` ASC, `blog_links`.`id` ASC; args=()
2018-01-17 18:34:54,467 [Thread-113:140117721208576] [django.db.backends:89] [utils:execute] [DEBUG]- (0.000) SET SQL_AUTO_IS_NULL = 0; args=None
2018-01-17 18:34:54,468 [Thread-113:140117721208576] [django.db.backends:89] [utils:execute] [DEBUG]- (0.000) SELECT COUNT(*) AS `__count` FROM `blog_article`; args=()
2018-01-17 18:34:54,470 [Thread-113:140117721208576] [django.db.backends:89] [utils:execute] [DEBUG]- (0.000) SELECT `blog_article`.`date_publish` FROM `blog_article` ORDER BY `blog_article`.`date_publish` DESC; args=()
2018-01-17 18:34:54,471 [Thread-113:140117721208576] [django.db.backends:89] [utils:execute] [DEBUG]- (0.000) 
			select article_id from blog_comment 
			group by article_id 
			order by count(article_id) 
			desc
		; args=None
2018-01-17 18:34:54,472 [Thread-113:140117721208576] [django.db.backends:89] [utils:execute] [DEBUG]- (0.001) SELECT `blog_article`.`id`, `blog_article`.`title`, `blog_article`.`desc`, `blog_article`.`content`, `blog_article`.`click_count`, `blog_article`.`is_recommend`, `blog_article`.`date_publish`, `blog_article`.`user_id`, `blog_article`.`category_id` FROM `blog_article` WHERE `blog_article`.`id` = 1; args=(1,)
2018-01-17 18:34:54,478 [Thread-113:140117721208576] [django.db.backends:89] [utils:execute] [DEBUG]- (0.003) SELECT `blog_category`.`id`, `blog_category`.`name`, `blog_category`.`index` FROM `blog_category` ORDER BY `blog_category`.`index` ASC, `blog_category`.`id` ASC; args=()
2018-01-17 18:34:54,484 [Thread-113:140117721208576] [django.db.backends:89] [utils:execute] [DEBUG]- (0.002) SELECT `blog_ad`.`id`, `blog_ad`.`title`, `blog_ad`.`description`, `blog_ad`.`image_url`, `blog_ad`.`callback_url`, `blog_ad`.`date_publish`, `blog_ad`.`index` FROM `blog_ad` ORDER BY `blog_ad`.`index` ASC, `blog_ad`.`id` ASC LIMIT 5; args=()
2018-01-17 18:34:54,496 [Thread-113:140117721208576] [django.db.backends:89] [utils:execute] [DEBUG]- (0.004) SELECT `blog_article`.`id`, `blog_article`.`title`, `blog_article`.`desc`, `blog_article`.`content`, `blog_article`.`click_count`, `blog_article`.`is_recommend`, `blog_article`.`date_publish`, `blog_article`.`user_id`, `blog_article`.`category_id` FROM `blog_article` ORDER BY `blog_article`.`date_publish` DESC LIMIT 1; args=()
2018-01-17 18:34:54,507 [Thread-113:140117721208576] [django.db.backends:89] [utils:execute] [DEBUG]- (0.004) SELECT `blog_tag`.`id`, `blog_tag`.`name` FROM `blog_tag` INNER JOIN `blog_article_tag` ON ( `blog_tag`.`id` = `blog_article_tag`.`tag_id` ) WHERE `blog_article_tag`.`article_id` = 1 ORDER BY `blog_tag`.`id` ASC; args=(1,)
2018-01-17 18:34:54,515 [Thread-113:140117721208576] [django.db.backends:89] [utils:execute] [DEBUG]- (0.000) SELECT COUNT(*) AS `__count` FROM `blog_comment` WHERE `blog_comment`.`article_id` = 1; args=(1,)
2018-01-17 18:34:54,517 [Thread-113:140117721208576] [django.db.backends:89] [utils:execute] [DEBUG]- (0.000) SELECT `blog_article`.`id`, `blog_article`.`title`, `blog_article`.`desc`, `blog_article`.`content`, `blog_article`.`click_count`, `blog_article`.`is_recommend`, `blog_article`.`date_publish`, `blog_article`.`user_id`, `blog_article`.`category_id` FROM `blog_article` ORDER BY `blog_article`.`click_count` ASC LIMIT 6; args=()
2018-01-17 18:34:54,522 [Thread-113:140117721208576] [django.db.backends:89] [utils:execute] [DEBUG]- (0.003) SELECT `blog_article`.`id`, `blog_article`.`title`, `blog_article`.`desc`, `blog_article`.`content`, `blog_article`.`click_count`, `blog_article`.`is_recommend`, `blog_article`.`date_publish`, `blog_article`.`user_id`, `blog_article`.`category_id` FROM `blog_article` WHERE `blog_article`.`is_recommend` = 1 ORDER BY `blog_article`.`date_publish` DESC; args=(True,)
2018-01-17 18:34:54,525 [Thread-113:140117721208576] [django.db.backends:89] [utils:execute] [DEBUG]- (0.000) SELECT `blog_tag`.`id`, `blog_tag`.`name` FROM `blog_tag` ORDER BY `blog_tag`.`id` ASC; args=()
2018-01-17 18:34:54,526 [Thread-113:140117721208576] [django.db.backends:89] [utils:execute] [DEBUG]- (0.000) SELECT `blog_links`.`id`, `blog_links`.`title`, `blog_links`.`description`, `blog_links`.`callback_url`, `blog_links`.`date_publish`, `blog_links`.`index` FROM `blog_links` ORDER BY `blog_links`.`index` ASC, `blog_links`.`id` ASC; args=()
2018-01-17 18:35:09,456 [Thread-118:140117721208576] [django.db.backends:89] [utils:execute] [DEBUG]- (0.000) SET SQL_AUTO_IS_NULL = 0; args=None
2018-01-17 18:35:09,457 [Thread-118:140117721208576] [django.db.backends:89] [utils:execute] [DEBUG]- (0.000) SELECT `blog_article`.`date_publish` FROM `blog_article` ORDER BY `blog_article`.`date_publish` DESC; args=()
2018-01-17 18:35:09,459 [Thread-118:140117721208576] [django.db.backends:89] [utils:execute] [DEBUG]- (0.001) 
			select article_id from blog_comment 
			group by article_id 
			order by count(article_id) 
			desc
		; args=None
2018-01-17 18:35:09,461 [Thread-118:140117721208576] [django.db.backends:89] [utils:execute] [DEBUG]- (0.001) SELECT `blog_article`.`id`, `blog_article`.`title`, `blog_article`.`desc`, `blog_article`.`content`, `blog_article`.`click_count`, `blog_article`.`is_recommend`, `blog_article`.`date_publish`, `blog_article`.`user_id`, `blog_article`.`category_id` FROM `blog_article` WHERE `blog_article`.`id` = 1; args=(1,)
2018-01-17 18:35:31,043 [Thread-120:140117721208576] [django.db.backends:89] [utils:execute] [DEBUG]- (0.000) SET SQL_AUTO_IS_NULL = 0; args=None
2018-01-17 18:35:31,044 [Thread-120:140117721208576] [django.db.backends:89] [utils:execute] [DEBUG]- (0.000) SELECT COUNT(*) AS `__count` FROM `blog_article`; args=()
2018-01-17 18:35:31,047 [Thread-120:140117721208576] [django.db.backends:89] [utils:execute] [DEBUG]- (0.000) SELECT `blog_article`.`date_publish` FROM `blog_article` ORDER BY `blog_article`.`date_publish` DESC; args=()
2018-01-17 18:35:31,047 [Thread-120:140117721208576] [django.db.backends:89] [utils:execute] [DEBUG]- (0.000) 
			select article_id from blog_comment 
			group by article_id 
			order by count(article_id) 
			desc
		; args=None
2018-01-17 18:35:31,051 [Thread-120:140117721208576] [django.db.backends:89] [utils:execute] [DEBUG]- (0.002) SELECT `blog_article`.`id`, `blog_article`.`title`, `blog_article`.`desc`, `blog_article`.`content`, `blog_article`.`click_count`, `blog_article`.`is_recommend`, `blog_article`.`date_publish`, `blog_article`.`user_id`, `blog_article`.`category_id` FROM `blog_article` WHERE `blog_article`.`id` = 1; args=(1,)
2018-01-17 18:35:31,063 [Thread-120:140117721208576] [django.db.backends:89] [utils:execute] [DEBUG]- (0.001) SELECT `blog_category`.`id`, `blog_category`.`name`, `blog_category`.`index` FROM `blog_category` ORDER BY `blog_category`.`index` ASC, `blog_category`.`id` ASC; args=()
2018-01-17 18:35:31,071 [Thread-120:140117721208576] [django.db.backends:89] [utils:execute] [DEBUG]- (0.003) SELECT `blog_ad`.`id`, `blog_ad`.`title`, `blog_ad`.`description`, `blog_ad`.`image_url`, `blog_ad`.`callback_url`, `blog_ad`.`date_publish`, `blog_ad`.`index` FROM `blog_ad` ORDER BY `blog_ad`.`index` ASC, `blog_ad`.`id` ASC LIMIT 5; args=()
2018-01-17 18:35:31,074 [Thread-120:140117721208576] [django.db.backends:89] [utils:execute] [DEBUG]- (0.001) SELECT `blog_article`.`id`, `blog_article`.`title`, `blog_article`.`desc`, `blog_article`.`content`, `blog_article`.`click_count`, `blog_article`.`is_recommend`, `blog_article`.`date_publish`, `blog_article`.`user_id`, `blog_article`.`category_id` FROM `blog_article` ORDER BY `blog_article`.`date_publish` DESC LIMIT 1; args=()
2018-01-17 18:35:31,081 [Thread-120:140117721208576] [django.db.backends:89] [utils:execute] [DEBUG]- (0.001) SELECT `blog_tag`.`id`, `blog_tag`.`name` FROM `blog_tag` INNER JOIN `blog_article_tag` ON ( `blog_tag`.`id` = `blog_article_tag`.`tag_id` ) WHERE `blog_article_tag`.`article_id` = 1 ORDER BY `blog_tag`.`id` ASC; args=(1,)
2018-01-17 18:35:31,083 [Thread-120:140117721208576] [django.db.backends:89] [utils:execute] [DEBUG]- (0.000) SELECT COUNT(*) AS `__count` FROM `blog_comment` WHERE `blog_comment`.`article_id` = 1; args=(1,)
2018-01-17 18:35:31,089 [Thread-120:140117721208576] [django.db.backends:89] [utils:execute] [DEBUG]- (0.001) SELECT `blog_article`.`id`, `blog_article`.`title`, `blog_article`.`desc`, `blog_article`.`content`, `blog_article`.`click_count`, `blog_article`.`is_recommend`, `blog_article`.`date_publish`, `blog_article`.`user_id`, `blog_article`.`category_id` FROM `blog_article` ORDER BY `blog_article`.`click_count` ASC LIMIT 6; args=()
2018-01-17 18:35:31,093 [Thread-120:140117721208576] [django.db.backends:89] [utils:execute] [DEBUG]- (0.003) SELECT `blog_article`.`id`, `blog_article`.`title`, `blog_article`.`desc`, `blog_article`.`content`, `blog_article`.`click_count`, `blog_article`.`is_recommend`, `blog_article`.`date_publish`, `blog_article`.`user_id`, `blog_article`.`category_id` FROM `blog_article` WHERE `blog_article`.`is_recommend` = 1 ORDER BY `blog_article`.`date_publish` DESC; args=(True,)
2018-01-17 18:35:31,103 [Thread-120:140117721208576] [django.db.backends:89] [utils:execute] [DEBUG]- (0.001) SELECT `blog_tag`.`id`, `blog_tag`.`name` FROM `blog_tag` ORDER BY `blog_tag`.`id` ASC; args=()
2018-01-17 18:35:31,105 [Thread-120:140117721208576] [django.db.backends:89] [utils:execute] [DEBUG]- (0.001) SELECT `blog_links`.`id`, `blog_links`.`title`, `blog_links`.`description`, `blog_links`.`callback_url`, `blog_links`.`date_publish`, `blog_links`.`index` FROM `blog_links` ORDER BY `blog_links`.`index` ASC, `blog_links`.`id` ASC; args=()
2018-01-17 18:35:45,679 [Thread-126:140117721208576] [django.db.backends:89] [utils:execute] [DEBUG]- (0.000) SET SQL_AUTO_IS_NULL = 0; args=None
2018-01-17 18:35:45,681 [Thread-126:140117721208576] [django.db.backends:89] [utils:execute] [DEBUG]- (0.000) SET SQL_AUTO_IS_NULL = 0; args=None
2018-01-17 18:35:45,682 [Thread-126:140117721208576] [django.db.backends:89] [utils:execute] [DEBUG]- (0.000) SELECT `blog_category`.`id`, `blog_category`.`name`, `blog_category`.`index` FROM `blog_category` WHERE `blog_category`.`id` = 2; args=(2,)
2018-01-17 18:35:45,683 [Thread-126:140117721208576] [django.db.backends:89] [utils:execute] [DEBUG]- (0.001) SELECT COUNT(*) AS `__count` FROM `blog_article` WHERE `blog_article`.`category_id` = 2; args=(2,)
2018-01-17 18:35:45,695 [Thread-126:140117721208576] [django.db.backends:89] [utils:execute] [DEBUG]- (0.001) SELECT `blog_article`.`date_publish` FROM `blog_article` ORDER BY `blog_article`.`date_publish` DESC; args=()
2018-01-17 18:35:45,697 [Thread-126:140117721208576] [django.db.backends:89] [utils:execute] [DEBUG]- (0.001) 
			select article_id from blog_comment 
			group by article_id 
			order by count(article_id) 
			desc
		; args=None
2018-01-17 18:35:45,704 [Thread-126:140117721208576] [django.db.backends:89] [utils:execute] [DEBUG]- (0.002) SELECT `blog_article`.`id`, `blog_article`.`title`, `blog_article`.`desc`, `blog_article`.`content`, `blog_article`.`click_count`, `blog_article`.`is_recommend`, `blog_article`.`date_publish`, `blog_article`.`user_id`, `blog_article`.`category_id` FROM `blog_article` WHERE `blog_article`.`id` = 1; args=(1,)
2018-01-17 18:35:45,711 [Thread-126:140117721208576] [django.db.backends:89] [utils:execute] [DEBUG]- (0.001) SELECT `blog_category`.`id`, `blog_category`.`name`, `blog_category`.`index` FROM `blog_category` ORDER BY `blog_category`.`index` ASC, `blog_category`.`id` ASC; args=()
2018-01-17 18:35:45,714 [Thread-126:140117721208576] [django.db.backends:89] [utils:execute] [DEBUG]- (0.001) SELECT `blog_ad`.`id`, `blog_ad`.`title`, `blog_ad`.`description`, `blog_ad`.`image_url`, `blog_ad`.`callback_url`, `blog_ad`.`date_publish`, `blog_ad`.`index` FROM `blog_ad` ORDER BY `blog_ad`.`index` ASC, `blog_ad`.`id` ASC LIMIT 5; args=()
2018-01-17 18:35:45,718 [Thread-126:140117721208576] [django.db.backends:89] [utils:execute] [DEBUG]- (0.001) SELECT `blog_article`.`id`, `blog_article`.`title`, `blog_article`.`desc`, `blog_article`.`content`, `blog_article`.`click_count`, `blog_article`.`is_recommend`, `blog_article`.`date_publish`, `blog_article`.`user_id`, `blog_article`.`category_id` FROM `blog_article` ORDER BY `blog_article`.`click_count` ASC LIMIT 6; args=()
2018-01-17 18:35:45,719 [Thread-126:140117721208576] [django.db.backends:89] [utils:execute] [DEBUG]- (0.001) SELECT `blog_article`.`id`, `blog_article`.`title`, `blog_article`.`desc`, `blog_article`.`content`, `blog_article`.`click_count`, `blog_article`.`is_recommend`, `blog_article`.`date_publish`, `blog_article`.`user_id`, `blog_article`.`category_id` FROM `blog_article` WHERE `blog_article`.`is_recommend` = 1 ORDER BY `blog_article`.`date_publish` DESC; args=(True,)
2018-01-17 18:35:45,720 [Thread-126:140117721208576] [django.db.backends:89] [utils:execute] [DEBUG]- (0.000) SELECT `blog_tag`.`id`, `blog_tag`.`name` FROM `blog_tag` ORDER BY `blog_tag`.`id` ASC; args=()
2018-01-17 18:35:45,722 [Thread-126:140117721208576] [django.db.backends:89] [utils:execute] [DEBUG]- (0.001) SELECT `blog_links`.`id`, `blog_links`.`title`, `blog_links`.`description`, `blog_links`.`callback_url`, `blog_links`.`date_publish`, `blog_links`.`index` FROM `blog_links` ORDER BY `blog_links`.`index` ASC, `blog_links`.`id` ASC; args=()
